<?xml version="1.0" encoding="UTF-8"?>
<testsuite name="com.testvagrant.apiautomation.tests.EmployeeTest" tests="1" skipped="0" failures="0" errors="0" timestamp="2020-04-28T06:40:27" hostname="TV-Macbook-Pro.local" time="1.577">
  <properties/>
  <testcase name="addEmployeeAndValidateResponse" classname="com.testvagrant.apiautomation.tests.EmployeeTest" time="1.577"/>
  <system-out><![CDATA[success     ----------------------   Tiger Nixon,320800,61
]]></system-out>
  <system-err><![CDATA[]]></system-err>
</testsuite>
